This is pdfTeX, Version 3.1415926-2.5-1.40.14 (TeX Live 2013) (format=pdflatex 2014.4.25)  5 APR 2015 21:11
entering extended mode
 restricted \write18 enabled.
 %&-line parsing enabled.
**FlashQuaPaper.tex
(./FlashQuaPaper.tex
LaTeX2e <2011/06/27>
Babel <3.9f> and hyphenation patterns for 78 languages loaded.
Eerste versie van de WV paper
(/usr/local/texlive/2013/texmf-dist/tex/latex/base/article.cls
Document Class: article 2007/10/19 v1.4h Standard LaTeX document class
(/usr/local/texlive/2013/texmf-dist/tex/latex/base/size10.clo
File: size10.clo 2007/10/19 v1.4h Standard LaTeX file (size option)
)
\c@part=\count79
\c@section=\count80
\c@subsection=\count81
\c@subsubsection=\count82
\c@paragraph=\count83
\c@subparagraph=\count84
\c@figure=\count85
\c@table=\count86
\abovecaptionskip=\skip41
\belowcaptionskip=\skip42
\bibindent=\dimen102
) (./ijcai11.sty
Conference Style, version of 6 September 1995 (revised Nov 2010)
\titlebox=\skip43
Named Citation Style, version of 30 November 1994
) (/usr/local/texlive/2013/texmf-dist/tex/latex/psnfss/times.sty
Package: times 2005/04/12 PSNFSS-v9.2a (SPQR) 
)
(/usr/local/texlive/2013/texmf-dist/tex/latex/base/latexsym.sty
Package: latexsym 1998/08/17 v2.2e Standard LaTeX package (lasy symbols)
\symlasy=\mathgroup4
LaTeX Font Info:    Overwriting symbol font `lasy' in version `bold'
(Font)                  U/lasy/m/n --> U/lasy/b/n on input line 47.
)
(./FlashQuaPaper.aux)
\openout1 = `FlashQuaPaper.aux'.

LaTeX Font Info:    Checking defaults for OML/cmm/m/it on input line 46.
LaTeX Font Info:    ... okay on input line 46.
LaTeX Font Info:    Checking defaults for T1/cmr/m/n on input line 46.
LaTeX Font Info:    ... okay on input line 46.
LaTeX Font Info:    Checking defaults for OT1/cmr/m/n on input line 46.
LaTeX Font Info:    ... okay on input line 46.
LaTeX Font Info:    Checking defaults for OMS/cmsy/m/n on input line 46.
LaTeX Font Info:    ... okay on input line 46.
LaTeX Font Info:    Checking defaults for OMX/cmex/m/n on input line 46.
LaTeX Font Info:    ... okay on input line 46.
LaTeX Font Info:    Checking defaults for U/cmr/m/n on input line 46.
LaTeX Font Info:    ... okay on input line 46.
LaTeX Font Info:    Try loading font information for OT1+ptm on input line 46.

(/usr/local/texlive/2013/texmf-dist/tex/latex/psnfss/ot1ptm.fd
File: ot1ptm.fd 2001/06/04 font definitions for OT1/ptm.
)
LaTeX Font Info:    Font shape `OT1/ptm/bx/n' in size <14.4> not available
(Font)              Font shape `OT1/ptm/b/n' tried instead on input line 48.
LaTeX Font Info:    External font `cmex10' loaded for size
(Font)              <14.4> on input line 48.
LaTeX Font Info:    External font `cmex10' loaded for size
(Font)              <7> on input line 48.
LaTeX Font Info:    Try loading font information for U+lasy on input line 48.

(/usr/local/texlive/2013/texmf-dist/tex/latex/base/ulasy.fd
File: ulasy.fd 1998/08/17 v2.2e LaTeX symbol font definitions
)
LaTeX Font Info:    External font `cmex10' loaded for size
(Font)              <12> on input line 48.
LaTeX Font Info:    External font `cmex10' loaded for size
(Font)              <8> on input line 48.
LaTeX Font Info:    External font `cmex10' loaded for size
(Font)              <6> on input line 48.
LaTeX Font Info:    Font shape `OT1/ptm/bx/n' in size <12> not available
(Font)              Font shape `OT1/ptm/b/n' tried instead on input line 48.
LaTeX Font Info:    External font `cmex10' loaded for size
(Font)              <9> on input line 48.
LaTeX Font Info:    External font `cmex10' loaded for size
(Font)              <5> on input line 48.
LaTeX Font Info:    Font shape `OT1/ptm/bx/n' in size <10.95> not available
(Font)              Font shape `OT1/ptm/b/n' tried instead on input line 61.
LaTeX Font Info:    Try loading font information for OMS+ptm on input line 90.

(/usr/local/texlive/2013/texmf-dist/tex/latex/psnfss/omsptm.fd
File: omsptm.fd 
)
LaTeX Font Info:    Font shape `OMS/ptm/m/n' in size <10> not available
(Font)              Font shape `OMS/cmsy/m/n' tried instead on input line 90.
LaTeX Font Info:    Try loading font information for OT1+pcr on input line 108.


(/usr/local/texlive/2013/texmf-dist/tex/latex/psnfss/ot1pcr.fd
File: ot1pcr.fd 2001/06/04 font definitions for OT1/pcr.
)
LaTeX Font Info:    Try loading font information for OMS+pcr on input line 114.


(/usr/local/texlive/2013/texmf-dist/tex/latex/psnfss/omspcr.fd
File: omspcr.fd 
)
LaTeX Font Info:    Font shape `OMS/pcr/m/n' in size <10> not available
(Font)              Font shape `OMS/cmsy/m/n' tried instead on input line 114.
LaTeX Font Info:    Font shape `OT1/ptm/bx/n' in size <10> not available
(Font)              Font shape `OT1/ptm/b/n' tried instead on input line 120.


LaTeX Warning: Citation `gottlob:nonmon' on page 1 undefined on input line 139.



LaTeX Warning: Citation `gottlob:nonmon' on page 1 undefined on input line 140.


[1{/usr/local/texlive/2013/texmf-var/fonts/map/pdftex/updmap/pdftex.map}



]

LaTeX Warning: Citation `gottlob:nonmon' on page 2 undefined on input line 214.



LaTeX Warning: Citation `abelson-et-al:scheme' on page 2 undefined on input lin
e 216.


LaTeX Warning: Citation `bgf:Lixto' on page 2 undefined on input line 217.


LaTeX Warning: Citation `brachman-schmolze:kl-one' on page 2 undefined on input
 line 218.


LaTeX Warning: Citation `nebel:jair-2000' on page 2 undefined on input line 220
.


LaTeX Warning: Citation `gls:hypertrees' on page 2 undefined on input line 221.



LaTeX Warning: Citation `levesque:functional-foundations' on page 2 undefined o
n input line 221.


LaTeX Warning: Citation `abelson-et-al:scheme' undefined on input line 222.


LaTeX Warning: Citation `bgf:Lixto' undefined on input line 223.


LaTeX Warning: Citation `brachman-schmolze:kl-one' undefined on input line 224.



LaTeX Warning: Citation `gottlob:nonmon' undefined on input line 225.


LaTeX Warning: Citation `gls:hypertrees' undefined on input line 226.


LaTeX Warning: Citation `levesque:functional-foundations' undefined on input li
ne 227.


LaTeX Warning: Citation `levesque:belief' undefined on input line 228.


LaTeX Warning: Citation `nebel:jair-2000' undefined on input line 229.

LaTeX Font Info:    Font shape `OT1/ptm/bx/n' in size <8> not available
(Font)              Font shape `OT1/ptm/b/n' tried instead on input line 274.
[2]
No file FlashQuaPaper.bbl.
[3

] (./FlashQuaPaper.aux)

LaTeX Warning: There were undefined references.

 ) 
Here is how much of TeX's memory you used:
 450 strings out of 493315
 5840 string characters out of 6137904
 62158 words of memory out of 5000000
 3928 multiletter control sequences out of 15000+600000
 28832 words of font info for 65 fonts, out of 8000000 for 9000
 957 hyphenation exceptions out of 8191
 25i,10n,19p,171b,242s stack positions out of 5000i,500n,10000p,200000b,80000s
{/usr/local/texlive/2013/texmf-dist/fonts/enc/dvips/base/8r.enc}</usr/local/t
exlive/2013/texmf-dist/fonts/type1/public/amsfonts/cm/cmsy10.pfb></usr/local/te
xlive/2013/texmf-dist/fonts/type1/public/amsfonts/cm/cmsy6.pfb></usr/local/texl
ive/2013/texmf-dist/fonts/type1/public/amsfonts/cm/cmsy7.pfb></usr/local/texliv
e/2013/texmf-dist/fonts/type1/urw/courier/ucrr8a.pfb></usr/local/texlive/2013/t
exmf-dist/fonts/type1/urw/times/utmb8a.pfb></usr/local/texlive/2013/texmf-dist/
fonts/type1/urw/times/utmr8a.pfb></usr/local/texlive/2013/texmf-dist/fonts/type
1/urw/times/utmri8a.pfb>
Output written on FlashQuaPaper.pdf (3 pages, 90810 bytes).
PDF statistics:
 43 PDF objects out of 1000 (max. 8388607)
 30 compressed objects within 1 object stream
 0 named destinations out of 1000 (max. 500000)
 1 words of extra memory for PDF output out of 10000 (max. 10000000)

